<?xml version="1.0" encoding="UTF-8"?>
<testng-results ignored="0" total="0" passed="0" failed="0" skipped="0">
  <reporter-output>
  </reporter-output>
  <suite started-at="2024-03-10T18:19:31 IST" name="TestDuplicate" finished-at="2024-03-10T18:19:31 IST" duration-ms="27">
    <groups>
    </groups>
    <test started-at="2024-03-10T18:19:31 IST" name="Command line test" finished-at="2024-03-10T18:19:31 IST" duration-ms="27">
    </test> <!-- Command line test -->
  </suite> <!-- TestDuplicate -->
</testng-results>
